Microsoft (R) Macro Assembler Version 5.00                  1/9/21 22:49:37
                                                             Page     1-1


       1				.386 
       2 0000				rozkazy SEGMENT use16 
       3					ASSUME cs:rozkazy 
       4				 
       5 0000				linia PROC 
       6 0000  50			    push AX 
       7 0001  53			    push BX 
       8 0002  51			    push CX 
       9 0003  06			    push ES 
      10				 
      11 0004  B8 A000				mov AX, 0A000H 
      12 0007  8E C0			    mov ES, AX 
      13					 
      14					 
      15 0009  2E: 8B 1E 0064 R		    mov BX, cs:adres_piksela 
      16 000E  2E: A0 0063 R		    mov AL, cs:kolor 
      17				     
      18				    ; nadawanie 'grubości' linii 
      19 0012  26: 88 07		    mov es:[BX+0], AL		; [000]
							[001]	[002] 
      20 0015  26: 88 47 01		    mov es:[BX+1], AL		; [320]
							[321]	[322] 
      21 0019  26: 88 47 02		    mov es:[BX+2], AL       ; [640]
							[641]	[642] 
      22 001D  26: 88 87 0140		    mov es:[BX+320], AL      
      23 0022  26: 88 87 0141		    mov es:[BX+321], AL     
      24 0027  26: 88 87 0142		    mov es:[BX+322], AL      
      25 002C  26: 88 87 0280		    mov es:[BX+640], AL 
      26 0031  26: 88 87 0281		    mov es:[BX+641], AL 
      27 0036  26: 88 87 0282		    mov es:[BX+642], AL 
      28				 
      29 003B  81 C3 03C0		    add bx, 3*320       ; Następny wie
					rsz 
      30 003F  83 C3 03			    add bx, 3 
      31				     
      32 0042  81 FB FA00		    cmp bx, 320 * 200 
      33 0046  0F 82 0050 R		    jb dalej          ; skok, gdy nie n
					arysowano całej linii 
      34				 
      35				     
      36					 
      37					 
      38 004A  2E: C6 06 006A R 01		mov byte ptr cs:koniec, 1 
      39				 
      40 0050				dalej: 
      41 0050  2E: 89 1E 0064 R		    mov cs:adres_piksela, BX 
      42 0055  2E: 89 1E 0066 R			mov cs:ostatni_piksel, BX 
      43				 
      44				    ; przywracanie rejestrów 
      45 005A  07			    pop es 
      46 005B  59			    pop cx 
      47 005C  5B			    pop bx 
      48 005D  58			    pop ax 
      49 005E  2E: FF 2E 006B R		    jmp dword PTR cs:wektor8 
Microsoft (R) Macro Assembler Version 5.00                  1/9/21 22:49:37
                                                             Page     1-2


      50				 
      51 0063  0A			    kolor          db 10  
      52 0064  0000			    adres_piksela  dw 0 
      53 0066  0000				ostatni_piksel dw 0 
      54 0068  0000			    przyrost       dw 0 
      55 006A  00			    koniec         db 0 
      56 006B  ????????			    wektor8        dd ? 
      57 006F				linia ENDP 
      58				 
      59 006F				zacznij: 
      60 006F  B4 00				mov AH, 0 
      61 0071  B0 13				mov AL, 13H  
      62 0073  CD 10				int 10H 
      63					 
      64 0075  BB 0000				mov BX, 0 
      65 0078  8E C3				mov ES, BX  
      66					 
      67					; nadpisanie procedury przerwan
					ia 
      68 007A  26: 66| A1 0020			mov EAX, es:[32]  
      69 007F  2E: 66| A3 006B R		mov cs:wektor8, EAX 
      70 0084  B8 ---- R			mov AX, SEG linia 
      71 0087  BB 0000 R			mov BX, OFFSET linia 
      72 008A  FA				cli  
      73 008B  26: 89 1E 0020			mov es:[32], BX 
      74 0090  26: A3 0022			mov es:[32+2], AX 
      75 0094  FB				sti 
      76					 
      77					; czekaj na jakikolwiek znak 
      78 0095					czekaj: 
      79 0095  B4 01					mov ah, 1  
      80 0097  CD 16					int 16h  
      81 0099  74 FA					jz czekaj 
      82 009B  B4 00				mov ah, 0  
      83 009D  B0 03				mov al, 3H 
      84 009F  CD 10				int 10H 
      85					 
      86					; odtworzenie oryginalnej zawar
					tości wektora nr 8 
      87 00A1  2E: 66| A1 006B R		mov EAX, cs:wektor8 
      88 00A6  26: 66| A3 0020			mov es:[32], EAX 
      89					 
      90					; zakończenie wykonywania prog
					ramu 
      91 00AB  B8 4C00				mov AX, 4C00H 
      92 00AE  CD 21				int 21H 
      93				 
      94 00B0				rozkazy ENDS 
      95				 
      96 0000				stosik SEGMENT stack 
      97 0000  0100[			db 256 dup (?) 
      98	    ??			
      99			 ]	
     100				
Microsoft (R) Macro Assembler Version 5.00                  1/9/21 22:49:37
                                                             Page     1-3


     101 0100				stosik ENDS 
     102					 
     103				END zacznij 
Microsoft (R) Macro Assembler Version 5.00                  1/9/21 22:49:37
                                                             Symbols-1




                N a m e         	Size	Length	 Align	Combine Class

ROZKAZY  . . . . . . . . . . . .  	16 Bit	00B0	PARA	NONE	
STOSIK . . . . . . . . . . . . .  	32 Bit	0100	PARA	STACK	

Symbols:            

                N a m e         	Type	 Value	 Attr

ADRES_PIKSELA  . . . . . . . . .  	L WORD	0064	ROZKAZY

CZEKAJ . . . . . . . . . . . . .  	L NEAR	0095	ROZKAZY

DALEJ  . . . . . . . . . . . . .  	L NEAR	0050	ROZKAZY

KOLOR  . . . . . . . . . . . . .  	L BYTE	0063	ROZKAZY
KONIEC . . . . . . . . . . . . .  	L BYTE	006A	ROZKAZY

LINIA  . . . . . . . . . . . . .  	N PROC	0000	ROZKAZY	Length = 006F

OSTATNI_PIKSEL . . . . . . . . .  	L WORD	0066	ROZKAZY

PRZYROST . . . . . . . . . . . .  	L WORD	0068	ROZKAZY

WEKTOR8  . . . . . . . . . . . .  	L DWORD	006B	ROZKAZY

ZACZNIJ  . . . . . . . . . . . .  	L NEAR	006F	ROZKAZY

@FILENAME  . . . . . . . . . . .  	TEXT  ZAD5		


    100 Source  Lines
    100 Total   Lines
     14 Symbols

  50488 + 466056 Bytes symbol space free

      0 Warning Errors
      0 Severe  Errors
