Microsoft (R) Macro Assembler Version 5.00                  1/9/21 21:20:44
                                                             Page     1-1


       1				.386 
       2 0000				rozkazy SEGMENT use16 
       3						ASSUME CS:rozkazy 
       4						 
       5 0000				obsluga_zegara PROC 
       6 0000  50				push AX 
       7 0001  53				push BX  
       8 0002  06				push ES 
       9					 
      10 0003  B8 B800				mov AX, 0B800h		
									; orygi
					nalny adres ma B8000h 
      11 0006  8E C0				mov ES, AX		
									
						; ale wpisujemy B800h, bo ES 
      12								
									
							; jest zawsze mnozony p
					rzez 16 
      13					 
      14 0008  2E: 8B 1E 003C R			mov BX, CS:licznik	
									; liczn
					ik to adres biezacy 
      15								
									
							; pamieci ekranu 
      16					 
      17 000D  26: C6 07 2A			mov byte ptr ES:[BX], '*'
								; kod ascii 
      18 0011  26: C6 47 01 16			mov byte ptr ES:[BX+1], 0001011
					0b	; kolor 
      19					 
      20					 
      21					 
      22 0016  81 C3 00A0			add BX, 160		
							; znak ponizej (80 znak
					ow * 2 bajty) 
      23 001A  81 FB 0FA0			cmp BX, 4000		 
      24 001E  0F 82 002D R			jb wyswietlaj_dalej 
      25								
								; jak poza zakr
					esem  
      26 0022  2E: 83 06 003A R 02		add cs:kolumna, 2	
						; zwieksz numer kolumny o 2 (zn
					ak to 2 bajty) 
      27 0028  2E: 8B 1E 003A R			mov BX, cs:kolumna	
						; numer kolumy to numer znaku w
					 pierwszym wierszu 
      28					 
      29 002D					wyswietlaj_dalej: 
      30 002D  2E: 89 1E 003C R			mov CS:licznik, BX	
								; nadpisanie li
					cznik nowym adresem 
      31					 
Microsoft (R) Macro Assembler Version 5.00                  1/9/21 21:20:44
                                                             Page     1-2


      32 0032					koniec_cyklu: 
      33 0032  07				pop ES 
      34 0033  5B				pop BX 
      35 0034  58				pop AX 
      36					 
      37 0035  2E: FF 2E 003E R			jmp dword ptr cs:wektor8 
      38 003A  0000				kolumna 		dw 0 
      39 003C  0000				licznik 	dw 0 
      40 003E  ????????				wektor8 	dd ? 
      41					 
      42 0042				obsluga_zegara ENDP 
      43				 
      44				 
      45 0042				zacznij: 
      46 0042  B0 00				mov AL, 0 
      47 0044  B4 05				mov AH, 5 
      48 0046  CD 0A				int 10 
      49 0048  B8 0000				mov AX, 0 
      50 004B  8E D8				mov DS, AX 
      51					 
      52 004D  66| A1 0020			mov EAX, DS:[32] 
      53 0051  2E: 66| A3 003E R		mov CS:wektor8, EAX 
      54					 
      55 0056  B8 ---- R			mov AX, SEG obsluga_zegara 
      56 0059  BB 0000 R			mov BX, OFFSET obsluga_zegara 
      57 005C  FA				cli 
      58					 
      59 005D  89 1E 0020			mov DS:[32], BX 
      60 0061  A3 0022				mov DS:[34], AX 
      61 0064  FB				sti 
      62					 
      63					; sprawdzenie czy wcisnieto kla
					wisz 
      64					; int 16h - ustawia ZF po wcisn
					ieciu  
      65 0065					aktywne_oczekiwanie: 
      66 0065  B4 01					mov AH, 1 
      67 0067  CD 16					int 16h 
      68 0069  74 FA				jz aktywne_oczekiwanie 
      69					 
      70					; sprawdzenie czy wcisnieto 'x'
					 
      71 006B  B4 00				mov AH, 0 
      72 006D  CD 16				int 16h 
      73 006F  3C 78				cmp AL, 'x' 
      74 0071  75 F2				jne aktywne_oczekiwanie 
      75					 
      76 0073  2E: 66| A1 003E R		mov EAX, CS:wektor8 
      77 0078  FA				cli 
      78 0079  66| A3 0020			mov DS:[32], EAX 
      79 007D  FB				STI 
      80					 
      81 007E  B0 00				mov AL, 0 
      82 0080  B4 4C				mov AH, 4Ch 
Microsoft (R) Macro Assembler Version 5.00                  1/9/21 21:20:44
                                                             Page     1-3


      83 0082  CD 21				int 21h 
      84				 
      85 0084				rozkazy ENDS 
      86					 
      87 0000				stosik SEGMENT stack 
      88 0000  0100[				db 256 dup (?) 
      89	    ??			
      90			 ]	
      91				
      92 0100				stosik ENDS 
      93				 
      94				END zacznij 
Microsoft (R) Macro Assembler Version 5.00                  1/9/21 21:20:44
                                                             Symbols-1




                N a m e         	Size	Length	 Align	Combine Class

ROZKAZY  . . . . . . . . . . . .  	16 Bit	0084	PARA	NONE	
STOSIK . . . . . . . . . . . . .  	32 Bit	0100	PARA	STACK	

Symbols:            

                N a m e         	Type	 Value	 Attr

AKTYWNE_OCZEKIWANIE  . . . . . .  	L NEAR	0065	ROZKAZY

KOLUMNA  . . . . . . . . . . . .  	L WORD	003A	ROZKAZY
KONIEC_CYKLU . . . . . . . . . .  	L NEAR	0032	ROZKAZY

LICZNIK  . . . . . . . . . . . .  	L WORD	003C	ROZKAZY

OBSLUGA_ZEGARA . . . . . . . . .  	N PROC	0000	ROZKAZY	Length = 0042

WEKTOR8  . . . . . . . . . . . .  	L DWORD	003E	ROZKAZY
WYSWIETLAJ_DALEJ . . . . . . . .  	L NEAR	002D	ROZKAZY

ZACZNIJ  . . . . . . . . . . . .  	L NEAR	0042	ROZKAZY

@FILENAME  . . . . . . . . . . .  	TEXT  zad3		


     91 Source  Lines
     91 Total   Lines
     12 Symbols

  50412 + 466132 Bytes symbol space free

      0 Warning Errors
      0 Severe  Errors
